# JRE version: OpenJDK Runtime Environment (8.0_202-b03) (build 1.8.0_202-release-1483-b03)
# Java VM: OpenJDK 64-Bit Server VM (25.202-b03 mixed mode windows-amd64 compressed oops)
Heap:
 PSYoungGen      total 114688K, used 59332K [0x00000000e0000000, 0x00000000ea300000, 0x0000000100000000)
  eden space 102912K, 57% used [0x00000000e0000000,0x00000000e39f11a8,0x00000000e6480000)
  from space 11776K, 0% used [0x00000000e6480000,0x00000000e6480000,0x00000000e7000000)
  to   space 13312K, 0% used [0x00000000e9600000,0x00000000e9600000,0x00000000ea300000)
 ParOldGen       total 59392K, used 18599K [0x00000000a0000000, 0x00000000a3a00000, 0x00000000e0000000)
  object space 59392K, 31% used [0x00000000a0000000,0x00000000a1229e00,0x00000000a3a00000)
 Metaspace       used 41814K, capacity 42842K, committed 43048K, reserved 1087488K
  class space    used 5628K, capacity 5920K, committed 5936K, reserved 1048576K
GC Heap History (10 events):
Event: 3.850 GC heap before
{Heap before GC invocations=7 (full 1):
 PSYoungGen      total 75776K, used 8511K [0x00000000e0000000, 0x00000000e5700000, 0x0000000100000000)
  eden space 65536K, 0% used [0x00000000e0000000,0x00000000e0000000,0x00000000e4000000)
  from space 10240K, 83% used [0x00000000e4b00000,0x00000000e534fc38,0x00000000e5500000)
  to   space 11264K, 0% used [0x00000000e4000000,0x00000000e4000000,0x00000000e4b00000)
 ParOldGen       total 87552K, used 7143K [0x00000000a0000000, 0x00000000a5580000, 0x00000000e0000000)
  object space 87552K, 8% used [0x00000000a0000000,0x00000000a06f9dd8,0x00000000a5580000)
 Metaspace       used 20720K, capacity 21046K, committed 21296K, reserved 1067008K
  class space    used 2916K, capacity 3081K, committed 3120K, reserved 1048576K
Event: 3.900 GC heap after
Heap after GC invocations=7 (full 1):
 PSYoungGen      total 75776K, used 0K [0x00000000e0000000, 0x00000000e5700000, 0x0000000100000000)
  eden space 65536K, 0% used [0x00000000e0000000,0x00000000e0000000,0x00000000e4000000)
  from space 10240K, 0% used [0x00000000e4b00000,0x00000000e4b00000,0x00000000e5500000)
  to   space 11264K, 0% used [0x00000000e4000000,0x00000000e4000000,0x00000000e4b00000)
 ParOldGen       total 59392K, used 9160K [0x00000000a0000000, 0x00000000a3a00000, 0x00000000e0000000)
  object space 59392K, 15% used [0x00000000a0000000,0x00000000a08f2360,0x00000000a3a00000)
 Metaspace       used 20720K, capacity 21046K, committed 21296K, reserved 1067008K
  class space    used 2916K, capacity 3081K, committed 3120K, reserved 1048576K
}
Event: 5.404 GC heap before
{Heap before GC invocations=8 (full 1):
 PSYoungGen      total 75776K, used 65536K [0x00000000e0000000, 0x00000000e5700000, 0x0000000100000000)
  eden space 65536K, 100% used [0x00000000e0000000,0x00000000e4000000,0x00000000e4000000)
  from space 10240K, 0% used [0x00000000e4b00000,0x00000000e4b00000,0x00000000e5500000)
  to   space 11264K, 0% used [0x00000000e4000000,0x00000000e4000000,0x00000000e4b00000)
 ParOldGen       total 59392K, used 9160K [0x00000000a0000000, 0x00000000a3a00000, 0x00000000e0000000)
  object space 59392K, 15% used [0x00000000a0000000,0x00000000a08f2360,0x00000000a3a00000)
 Metaspace       used 27924K, capacity 28352K, committed 28592K, reserved 1073152K
  class space    used 3821K, capacity 3999K, committed 4016K, reserved 1048576K
Event: 5.413 GC heap after
Heap after GC invocations=8 (full 1):
 PSYoungGen      total 76800K, used 7994K [0x00000000e0000000, 0x00000000e7b00000, 0x0000000100000000)
  eden space 65536K, 0% used [0x00000000e0000000,0x00000000e0000000,0x00000000e4000000)
  from space 11264K, 70% used [0x00000000e4000000,0x00000000e47ceb80,0x00000000e4b00000)
  to   space 11264K, 0% used [0x00000000e7000000,0x00000000e7000000,0x00000000e7b00000)
 ParOldGen       total 59392K, used 9168K [0x00000000a0000000, 0x00000000a3a00000, 0x00000000e0000000)
  object space 59392K, 15% used [0x00000000a0000000,0x00000000a08f4360,0x00000000a3a00000)
 Metaspace       used 27924K, capacity 28352K, committed 28592K, reserved 1073152K
  class space    used 3821K, capacity 3999K, committed 4016K, reserved 1048576K
}
Event: 6.122 GC heap before
{Heap before GC invocations=9 (full 1):
 PSYoungGen      total 76800K, used 73530K [0x00000000e0000000, 0x00000000e7b00000, 0x0000000100000000)
  eden space 65536K, 100% used [0x00000000e0000000,0x00000000e4000000,0x00000000e4000000)
  from space 11264K, 70% used [0x00000000e4000000,0x00000000e47ceb80,0x00000000e4b00000)
  to   space 11264K, 0% used [0x00000000e7000000,0x00000000e7000000,0x00000000e7b00000)
 ParOldGen       total 59392K, used 9168K [0x00000000a0000000, 0x00000000a3a00000, 0x00000000e0000000)
  object space 59392K, 15% used [0x00000000a0000000,0x00000000a08f4360,0x00000000a3a00000)
 Metaspace       used 31229K, capacity 31678K, committed 32176K, reserved 1077248K
  class space    used 4279K, capacity 4425K, committed 4528K, reserved 1048576K
Event: 6.142 GC heap after
Heap after GC invocations=9 (full 1):
 PSYoungGen      total 114176K, used 8856K [0x00000000e0000000, 0x00000000e7e00000, 0x0000000100000000)
  eden space 102912K, 0% used [0x00000000e0000000,0x00000000e0000000,0x00000000e6480000)
  from space 11264K, 78% used [0x00000000e7000000,0x00000000e78a63d0,0x00000000e7b00000)
  to   space 11776K, 0% used [0x00000000e6480000,0x00000000e6480000,0x00000000e7000000)
 ParOldGen       total 59392K, used 9176K [0x00000000a0000000, 0x00000000a3a00000, 0x00000000e0000000)
  object space 59392K, 15% used [0x00000000a0000000,0x00000000a08f6360,0x00000000a3a00000)
 Metaspace       used 31229K, capacity 31678K, committed 32176K, reserved 1077248K
  class space    used 4279K, capacity 4425K, committed 4528K, reserved 1048576K
}
Event: 7.274 GC heap before
{Heap before GC invocations=10 (full 1):
 PSYoungGen      total 114176K, used 78512K [0x00000000e0000000, 0x00000000e7e00000, 0x0000000100000000)
  eden space 102912K, 67% used [0x00000000e0000000,0x00000000e4405f98,0x00000000e6480000)
  from space 11264K, 78% used [0x00000000e7000000,0x00000000e78a63d0,0x00000000e7b00000)
  to   space 11776K, 0% used [0x00000000e6480000,0x00000000e6480000,0x00000000e7000000)
 ParOldGen       total 59392K, used 9176K [0x00000000a0000000, 0x00000000a3a00000, 0x00000000e0000000)
  object space 59392K, 15% used [0x00000000a0000000,0x00000000a08f6360,0x00000000a3a00000)
 Metaspace       used 34545K, capacity 35402K, committed 35496K, reserved 1079296K
  class space    used 4719K, capacity 4985K, committed 5040K, reserved 1048576K
Event: 7.293 GC heap after
Heap after GC invocations=10 (full 1):
 PSYoungGen      total 114688K, used 11774K [0x00000000e0000000, 0x00000000ea300000, 0x0000000100000000)
  eden space 102912K, 0% used [0x00000000e0000000,0x00000000e0000000,0x00000000e6480000)
  from space 11776K, 99% used [0x00000000e6480000,0x00000000e6fff8a8,0x00000000e7000000)
  to   space 13312K, 0% used [0x00000000e9600000,0x00000000e9600000,0x00000000ea300000)
 ParOldGen       total 59392K, used 9239K [0x00000000a0000000, 0x00000000a3a00000, 0x00000000e0000000)
  object space 59392K, 15% used [0x00000000a0000000,0x00000000a0905ca0,0x00000000a3a00000)
 Metaspace       used 34545K, capacity 35402K, committed 35496K, reserved 1079296K
  class space    used 4719K, capacity 4985K, committed 5040K, reserved 1048576K
}
Event: 7.293 GC heap before
{Heap before GC invocations=11 (full 2):
 PSYoungGen      total 114688K, used 11774K [0x00000000e0000000, 0x00000000ea300000, 0x0000000100000000)
  eden space 102912K, 0% used [0x00000000e0000000,0x00000000e0000000,0x00000000e6480000)
  from space 11776K, 99% used [0x00000000e6480000,0x00000000e6fff8a8,0x00000000e7000000)
  to   space 13312K, 0% used [0x00000000e9600000,0x00000000e9600000,0x00000000ea300000)
 ParOldGen       total 59392K, used 9239K [0x00000000a0000000, 0x00000000a3a00000, 0x00000000e0000000)
  object space 59392K, 15% used [0x00000000a0000000,0x00000000a0905ca0,0x00000000a3a00000)
 Metaspace       used 34545K, capacity 35402K, committed 35496K, reserved 1079296K
  class space    used 4719K, capacity 4985K, committed 5040K, reserved 1048576K
Event: 7.384 GC heap after
Heap after GC invocations=11 (full 2):
 PSYoungGen      total 114688K, used 0K [0x00000000e0000000, 0x00000000ea300000, 0x0000000100000000)
  eden space 102912K, 0% used [0x00000000e0000000,0x00000000e0000000,0x00000000e6480000)
  from space 11776K, 0% used [0x00000000e6480000,0x00000000e6480000,0x00000000e7000000)
  to   space 13312K, 0% used [0x00000000e9600000,0x00000000e9600000,0x00000000ea300000)
 ParOldGen       total 59392K, used 18599K [0x00000000a0000000, 0x00000000a3a00000, 0x00000000e0000000)
  object space 59392K, 31% used [0x00000000a0000000,0x00000000a1229e00,0x00000000a3a00000)
 Metaspace       used 34540K, capacity 35384K, committed 35496K, reserved 1079296K
  class space    used 4718K, capacity 4982K, committed 5040K, reserved 1048576K
}

